This file contains any messages produced by compilers while
running configure, to aid debugging if configure makes a mistake.

It was created by crosstool-NG configure crosstool-ng-1.23.0-289-g5adfd6b, which was
generated by GNU Autoconf 2.69.  Invocation command line was

  $ ./configure 

## --------- ##
## Platform. ##
## --------- ##

hostname = einstein
uname -m = x86_64
uname -r = 4.4.0-43-Microsoft
uname -s = Linux
uname -v = #1-Microsoft Wed Dec 31 14:42:53 PST 2014

/usr/bin/uname -p = unknown
/bin/uname -X     = unknown

/bin/arch              = unknown
/usr/bin/arch -k       = unknown
/usr/convex/getsysinfo = unknown
/usr/bin/hostinfo      = unknown
/bin/machine           = unknown
/usr/bin/oslevel       = unknown
/bin/universe          = unknown

PATH: /usr/local/sbin
PATH: /usr/local/bin
PATH: /usr/sbin
PATH: /usr/bin
PATH: /sbin
PATH: /bin
PATH: /usr/games
PATH: /usr/local/games
PATH: /mnt/c/Program Files/ImageMagick-7.0.7-Q16
PATH: /mnt/c/Program Files/Java/jdk1.7.0_40/bin
PATH: /mnt/c/Users/el yoyo/AppData/Local/Programs/Python/Python36
PATH: /mnt/c/Windows/System32
PATH: /mnt/c/Windows
PATH: /mnt/c/Windows/System32/wbem
PATH: /mnt/c/Windows/System32/WindowsPowerShell/v1.0
PATH: /mnt/c/Users/el yoyo/AppData/Local/lxss/rootfs/bin
PATH: /mnt/c/Program Files (x86)/Java/jdk1.7.0_40/bin
PATH: /mnt/c/Program Files/TortoiseSVN/bin
PATH: /mnt/c/ProgramData/chocolatey/bin
PATH: /mnt/c/Program Files/Git/cmd
PATH: /mnt/c/rhcygwin64/bin
PATH: /mnt/c/Windows/System32
PATH: /mnt/c/Program Files/nodejs
PATH: /mnt/c/Program Files/Java/jre7/bin
PATH: /mnt/c/Users/el yoyo/AppData/Local/lxss/root/bin
PATH: /mnt/c/Program Files/Java/jdk1.8.0_162/bin
PATH: /mnt/c/jruby-9.1.2.0/bin
PATH: /mnt/c/Ruby24-x64/bin
PATH: /mnt/c/Users/el yoyo/AppData/Local/Microsoft/WindowsApps
PATH: /mnt/c/Program Files (x86)/Microsoft VS Code/bin
PATH: /mnt/c/tools/cmder
PATH: /mnt/c/Users/el yoyo/AppData/Roaming/npm
PATH: /snap/bin
PATH: /usr/local/rvm/bin


## ----------- ##
## Core tests. ##
## ----------- ##

configure:2517: checking build system type
configure:2531: result: x86_64-pc-linux-gnu
configure:2551: checking host system type
configure:2564: result: x86_64-pc-linux-gnu
configure:2627: checking for a BSD-compatible install
configure:2695: result: /usr/bin/install -c
configure:2774: checking for ggrep
configure:2804: result: no
configure:2774: checking for grep
configure:2790: found /bin/grep
configure:2801: result: grep
configure:2833: checking for absolute path to grep
configure:2836: result: /bin/grep
configure:2898: checking for gegrep
configure:2928: result: no
configure:2898: checking for egrep
configure:2914: found /bin/egrep
configure:2925: result: egrep
configure:2957: checking for absolute path to egrep
configure:2960: result: /bin/egrep
configure:2965: checking for grep that handles long lines and -e
configure:3023: result: /bin/grep
configure:3028: checking for egrep
configure:3090: result: /bin/grep -E
configure:3111: checking for sed
configure:3144: result: /bin/sed
configure:3150: checking for GNU sed >= 4.0
configure:3153: result: yes
configure:3182: checking whether ln -s works
configure:3186: result: yes
configure:3246: checking for gcc
configure:3262: found /usr/bin/gcc
configure:3273: result: gcc
configure:3502: checking for C compiler version
configure:3511: gcc --version >&5
gcc (Ubuntu 5.4.0-6ubuntu1~16.04.6) 5.4.0 20160609
Copyright (C) 2015 Free Software Foundation, Inc.
This is free software; see the source for copying conditions.  There is NO
warranty; not even for MERCHANTABILITY or FITNESS FOR A PARTICULAR PURPOSE.

configure:3522: $? = 0
configure:3511: gcc -v >&5
Using built-in specs.
COLLECT_GCC=gcc
COLLECT_LTO_WRAPPER=/usr/lib/gcc/x86_64-linux-gnu/5/lto-wrapper
Target: x86_64-linux-gnu
Configured with: ../src/configure -v --with-pkgversion='Ubuntu 5.4.0-6ubuntu1~16.04.6' --with-bugurl=file:///usr/share/doc/gcc-5/README.Bugs --enable-languages=c,ada,c++,java,go,d,fortran,objc,obj-c++ --prefix=/usr --program-suffix=-5 --enable-shared --enable-linker-build-id --libexecdir=/usr/lib --without-included-gettext --enable-threads=posix --libdir=/usr/lib --enable-nls --with-sysroot=/ --enable-clocale=gnu --enable-libstdcxx-debug --enable-libstdcxx-time=yes --with-default-libstdcxx-abi=new --enable-gnu-unique-object --disable-vtable-verify --enable-libmpx --enable-plugin --with-system-zlib --disable-browser-plugin --enable-java-awt=gtk --enable-gtk-cairo --with-java-home=/usr/lib/jvm/java-1.5.0-gcj-5-amd64/jre --enable-java-home --with-jvm-root-dir=/usr/lib/jvm/java-1.5.0-gcj-5-amd64 --with-jvm-jar-dir=/usr/lib/jvm-exports/java-1.5.0-gcj-5-amd64 --with-arch-directory=amd64 --with-ecj-jar=/usr/share/java/eclipse-ecj.jar --enable-objc-gc --enable-multiarch --disable-werror --with-arch-32=i686 --with-abi=m64 --with-multilib-list=m32,m64,mx32 --enable-multilib --with-tune=generic --enable-checking=release --build=x86_64-linux-gnu --host=x86_64-linux-gnu --target=x86_64-linux-gnu
Thread model: posix
gcc version 5.4.0 20160609 (Ubuntu 5.4.0-6ubuntu1~16.04.6) 
configure:3522: $? = 0
configure:3511: gcc -V >&5
gcc: error: unrecognized command line option '-V'
gcc: fatal error: no input files
compilation terminated.
configure:3522: $? = 1
configure:3511: gcc -qversion >&5
gcc: error: unrecognized command line option '-qversion'
gcc: fatal error: no input files
compilation terminated.
configure:3522: $? = 1
configure:3542: checking whether the C compiler works
configure:3564: gcc    conftest.c  >&5
configure:3568: $? = 0
configure:3616: result: yes
configure:3619: checking for C compiler default output file name
configure:3621: result: a.out
configure:3627: checking for suffix of executables
configure:3634: gcc -o conftest    conftest.c  >&5
configure:3638: $? = 0
configure:3660: result: 
configure:3682: checking whether we are cross compiling
configure:3690: gcc -o conftest    conftest.c  >&5
configure:3694: $? = 0
configure:3701: ./conftest
configure:3705: $? = 0
configure:3720: result: no
configure:3725: checking for suffix of object files
configure:3747: gcc -c   conftest.c >&5
configure:3751: $? = 0
configure:3772: result: o
configure:3776: checking whether we are using the GNU C compiler
configure:3795: gcc -c   conftest.c >&5
configure:3795: $? = 0
configure:3804: result: yes
configure:3813: checking whether gcc accepts -g
configure:3833: gcc -c -g  conftest.c >&5
configure:3833: $? = 0
configure:3874: result: yes
configure:3891: checking for gcc option to accept ISO C89
configure:3954: gcc  -c -g -O2  conftest.c >&5
configure:3954: $? = 0
configure:3967: result: none needed
configure:4045: checking for g++
configure:4061: found /usr/bin/g++
configure:4072: result: g++
configure:4099: checking for C++ compiler version
configure:4108: g++ --version >&5
g++ (Ubuntu 5.4.0-6ubuntu1~16.04.6) 5.4.0 20160609
Copyright (C) 2015 Free Software Foundation, Inc.
This is free software; see the source for copying conditions.  There is NO
warranty; not even for MERCHANTABILITY or FITNESS FOR A PARTICULAR PURPOSE.

configure:4119: $? = 0
configure:4108: g++ -v >&5
Using built-in specs.
COLLECT_GCC=g++
COLLECT_LTO_WRAPPER=/usr/lib/gcc/x86_64-linux-gnu/5/lto-wrapper
Target: x86_64-linux-gnu
Configured with: ../src/configure -v --with-pkgversion='Ubuntu 5.4.0-6ubuntu1~16.04.6' --with-bugurl=file:///usr/share/doc/gcc-5/README.Bugs --enable-languages=c,ada,c++,java,go,d,fortran,objc,obj-c++ --prefix=/usr --program-suffix=-5 --enable-shared --enable-linker-build-id --libexecdir=/usr/lib --without-included-gettext --enable-threads=posix --libdir=/usr/lib --enable-nls --with-sysroot=/ --enable-clocale=gnu --enable-libstdcxx-debug --enable-libstdcxx-time=yes --with-default-libstdcxx-abi=new --enable-gnu-unique-object --disable-vtable-verify --enable-libmpx --enable-plugin --with-system-zlib --disable-browser-plugin --enable-java-awt=gtk --enable-gtk-cairo --with-java-home=/usr/lib/jvm/java-1.5.0-gcj-5-amd64/jre --enable-java-home --with-jvm-root-dir=/usr/lib/jvm/java-1.5.0-gcj-5-amd64 --with-jvm-jar-dir=/usr/lib/jvm-exports/java-1.5.0-gcj-5-amd64 --with-arch-directory=amd64 --with-ecj-jar=/usr/share/java/eclipse-ecj.jar --enable-objc-gc --enable-multiarch --disable-werror --with-arch-32=i686 --with-abi=m64 --with-multilib-list=m32,m64,mx32 --enable-multilib --with-tune=generic --enable-checking=release --build=x86_64-linux-gnu --host=x86_64-linux-gnu --target=x86_64-linux-gnu
Thread model: posix
gcc version 5.4.0 20160609 (Ubuntu 5.4.0-6ubuntu1~16.04.6) 
configure:4119: $? = 0
configure:4108: g++ -V >&5
g++: error: unrecognized command line option '-V'
g++: fatal error: no input files
compilation terminated.
configure:4119: $? = 1
configure:4108: g++ -qversion >&5
g++: error: unrecognized command line option '-qversion'
g++: fatal error: no input files
compilation terminated.
configure:4119: $? = 1
configure:4123: checking whether we are using the GNU C++ compiler
configure:4142: g++ -c   conftest.cpp >&5
configure:4142: $? = 0
configure:4151: result: yes
configure:4160: checking whether g++ accepts -g
configure:4180: g++ -c -g  conftest.cpp >&5
configure:4180: $? = 0
configure:4221: result: yes
configure:4252: checking how to run the C preprocessor
configure:4283: gcc -E  conftest.c
configure:4283: $? = 0
configure:4297: gcc -E  conftest.c
conftest.c:9:28: fatal error: ac_nonexistent.h: No such file or directory
compilation terminated.
configure:4297: $? = 1
configure: failed program was:
| /* confdefs.h */
| #define PACKAGE_NAME "crosstool-NG"
| #define PACKAGE_TARNAME "crosstool-ng"
| #define PACKAGE_VERSION "crosstool-ng-1.23.0-289-g5adfd6b"
| #define PACKAGE_STRING "crosstool-NG crosstool-ng-1.23.0-289-g5adfd6b"
| #define PACKAGE_BUGREPORT "crossgcc@sourceware.org"
| #define PACKAGE_URL ""
| /* end confdefs.h.  */
| #include <ac_nonexistent.h>
configure:4322: result: gcc -E
configure:4342: gcc -E  conftest.c
configure:4342: $? = 0
configure:4356: gcc -E  conftest.c
conftest.c:9:28: fatal error: ac_nonexistent.h: No such file or directory
compilation terminated.
configure:4356: $? = 1
configure: failed program was:
| /* confdefs.h */
| #define PACKAGE_NAME "crosstool-NG"
| #define PACKAGE_TARNAME "crosstool-ng"
| #define PACKAGE_VERSION "crosstool-ng-1.23.0-289-g5adfd6b"
| #define PACKAGE_STRING "crosstool-NG crosstool-ng-1.23.0-289-g5adfd6b"
| #define PACKAGE_BUGREPORT "crossgcc@sourceware.org"
| #define PACKAGE_URL ""
| /* end confdefs.h.  */
| #include <ac_nonexistent.h>
configure:4387: checking if gcc can static link
configure:4393: result: yes
configure:4451: checking for ranlib
configure:4467: found /usr/bin/ranlib
configure:4478: result: ranlib
configure:4557: checking for gobjcopy
configure:4587: result: no
configure:4557: checking for objcopy
configure:4573: found /usr/bin/objcopy
configure:4584: result: objcopy
configure:4616: checking for absolute path to objcopy
configure:4619: result: /usr/bin/objcopy
configure:4681: checking for gobjdump
configure:4711: result: no
configure:4681: checking for objdump
configure:4697: found /usr/bin/objdump
configure:4708: result: objdump
configure:4740: checking for absolute path to objdump
configure:4743: result: /usr/bin/objdump
configure:4805: checking for greadelf
configure:4835: result: no
configure:4805: checking for readelf
configure:4821: found /usr/bin/readelf
configure:4832: result: readelf
configure:4864: checking for absolute path to readelf
configure:4867: result: /usr/bin/readelf
configure:4929: checking for gperf
configure:4945: found /usr/bin/gperf
configure:4956: result: gperf
configure:4988: checking for absolute path to gperf
configure:4991: result: /usr/bin/gperf
configure:5001: checking for bison
configure:5017: found /usr/bin/bison
configure:5028: result: bison
configure:5047: checking for flex
configure:5063: found /usr/bin/flex
configure:5074: result: flex
configure:5093: checking for makeinfo
configure:5109: found /usr/bin/makeinfo
configure:5120: result: makeinfo
configure:5139: checking for cut
configure:5155: found /usr/bin/cut
configure:5166: result: cut
configure:5185: checking for readlink
configure:5201: found /bin/readlink
configure:5212: result: readlink
configure:5231: checking for tar
configure:5247: found /bin/tar
configure:5258: result: tar
configure:5277: checking for gzip
configure:5293: found /bin/gzip
configure:5304: result: gzip
configure:5323: checking for bzip2
configure:5339: found /bin/bzip2
configure:5350: result: bzip2
configure:5369: checking for xz
configure:5385: found /usr/bin/xz
configure:5396: result: xz
configure:5415: checking for help2man
configure:5431: found /mnt/c/rhcygwin64/bin/help2man
configure:5442: result: help2man
configure:5464: checking for wget
configure:5480: found /usr/bin/wget
configure:5491: result: wget
configure:5515: checking for curl
configure:5531: found /usr/bin/curl
configure:5542: result: curl
configure:5566: checking for stat
configure:5582: found /usr/bin/stat
configure:5593: result: stat
configure:5608: checking whether stat takes GNU or BSD format
configure:5626: result: GNU
configure:5649: checking whether to use getconf or sysctl to count CPUs
configure:5659: result: getconf _NPROCESSORS_ONLN
configure:5724: checking for gpatch
configure:5754: result: no
configure:5724: checking for patch
configure:5740: found /usr/bin/patch
configure:5751: result: patch
configure:5783: checking for absolute path to patch
configure:5786: result: /usr/bin/patch
configure:5808: checking for bash
configure:5841: result: /bin/bash
configure:5847: checking for GNU bash >= 3.1
configure:5850: result: yes
configure:5891: checking for awk
configure:5924: result: /usr/bin/gawk
configure:5930: checking for GNU awk
configure:5933: result: yes
configure:5980: checking for make
configure:6013: result: /usr/bin/make
configure:6019: checking for GNU make >= 3.81
configure:6022: result: yes
configure:6063: checking for libtool
configure:6096: result: /mnt/c/rhcygwin64/bin/libtool
configure:6102: checking for GNU libtool >= 2.4
configure:6105: result: yes
configure:6141: checking for libtoolize
configure:6174: result: /usr/bin/libtoolize
configure:6180: checking for GNU libtoolize >= 2.4
configure:6183: result: yes
configure:6219: checking for autoconf
configure:6252: result: /usr/bin/autoconf
configure:6258: checking for GNU autoconf >= 2.65
configure:6261: result: yes
configure:6297: checking for autoreconf
configure:6330: result: /usr/bin/autoreconf
configure:6336: checking for GNU autoreconf >= 2.63
configure:6339: result: yes
configure:6375: checking for automake
configure:6408: result: /usr/bin/automake
configure:6414: checking for GNU automake >= 1.15
configure:6417: result: yes
configure:6453: checking for m4
configure:6486: result: /usr/bin/m4
configure:6492: checking for GNU m4 >= 1.4.12
configure:6495: result: yes
configure:6521: checking for the type used in gperf declarations
configure:6531: result: unsigned int
configure:6550: checking for cvs
configure:6580: result: no
configure:6601: checking for svn
configure:6617: found /usr/bin/svn
configure:6628: result: svn
configure:6651: checking for git
configure:6667: found /usr/bin/git
configure:6678: result: git
configure:6701: checking for dpkg-buildflags
configure:6717: found /usr/bin/dpkg-buildflags
configure:6728: result: dpkg-buildflags
configure:6744: checking for inline
configure:6760: gcc -c -g -O2  conftest.c >&5
configure:6760: $? = 0
configure:6768: result: inline
configure:6787: checking for ANSI C header files
configure:6807: gcc -c -g -O2  conftest.c >&5
configure:6807: $? = 0
configure:6880: gcc -o conftest -g -O2   conftest.c  >&5
configure:6880: $? = 0
configure:6880: ./conftest
configure:6880: $? = 0
configure:6891: result: yes
configure:6904: checking for sys/types.h
configure:6904: gcc -c -g -O2  conftest.c >&5
configure:6904: $? = 0
configure:6904: result: yes
configure:6904: checking for sys/stat.h
configure:6904: gcc -c -g -O2  conftest.c >&5
configure:6904: $? = 0
configure:6904: result: yes
configure:6904: checking for stdlib.h
configure:6904: gcc -c -g -O2  conftest.c >&5
configure:6904: $? = 0
configure:6904: result: yes
configure:6904: checking for string.h
configure:6904: gcc -c -g -O2  conftest.c >&5
configure:6904: $? = 0
configure:6904: result: yes
configure:6904: checking for memory.h
configure:6904: gcc -c -g -O2  conftest.c >&5
configure:6904: $? = 0
configure:6904: result: yes
configure:6904: checking for strings.h
configure:6904: gcc -c -g -O2  conftest.c >&5
configure:6904: $? = 0
configure:6904: result: yes
configure:6904: checking for inttypes.h
configure:6904: gcc -c -g -O2  conftest.c >&5
configure:6904: $? = 0
configure:6904: result: yes
configure:6904: checking for stdint.h
configure:6904: gcc -c -g -O2  conftest.c >&5
configure:6904: $? = 0
configure:6904: result: yes
configure:6904: checking for unistd.h
configure:6904: gcc -c -g -O2  conftest.c >&5
configure:6904: $? = 0
configure:6904: result: yes
configure:6918: checking for stdlib.h
configure:6918: result: yes
configure:6928: checking for GNU libc compatible malloc
configure:6952: gcc -o conftest -g -O2   conftest.c  >&5
configure:6952: $? = 0
configure:6952: ./conftest
configure:6952: $? = 0
configure:6962: result: yes
configure:6985: checking for stdlib.h
configure:6985: result: yes
configure:6995: checking for GNU libc compatible realloc
configure:7019: gcc -o conftest -g -O2   conftest.c  >&5
configure:7019: $? = 0
configure:7019: ./conftest
configure:7019: $? = 0
configure:7029: result: yes
configure:7050: checking for size_t
configure:7050: gcc -c -g -O2  conftest.c >&5
configure:7050: $? = 0
configure:7050: gcc -c -g -O2  conftest.c >&5
conftest.c: In function 'main':
conftest.c:59:21: error: expected expression before ')' token
 if (sizeof ((size_t)))
                     ^
configure:7050: $? = 1
configure: failed program was:
| /* confdefs.h */
| #define PACKAGE_NAME "crosstool-NG"
| #define PACKAGE_TARNAME "crosstool-ng"
| #define PACKAGE_VERSION "crosstool-ng-1.23.0-289-g5adfd6b"
| #define PACKAGE_STRING "crosstool-NG crosstool-ng-1.23.0-289-g5adfd6b"
| #define PACKAGE_BUGREPORT "crossgcc@sourceware.org"
| #define PACKAGE_URL ""
| #define STDC_HEADERS 1
| #define HAVE_SYS_TYPES_H 1
| #define HAVE_SYS_STAT_H 1
| #define HAVE_STDLIB_H 1
| #define HAVE_STRING_H 1
| #define HAVE_MEMORY_H 1
| #define HAVE_STRINGS_H 1
| #define HAVE_INTTYPES_H 1
| #define HAVE_STDINT_H 1
| #define HAVE_UNISTD_H 1
| #define HAVE_STDLIB_H 1
| #define HAVE_MALLOC 1
| #define HAVE_STDLIB_H 1
| #define HAVE_REALLOC 1
| /* end confdefs.h.  */
| #include <stdio.h>
| #ifdef HAVE_SYS_TYPES_H
| # include <sys/types.h>
| #endif
| #ifdef HAVE_SYS_STAT_H
| # include <sys/stat.h>
| #endif
| #ifdef STDC_HEADERS
| # include <stdlib.h>
| # include <stddef.h>
| #else
| # ifdef HAVE_STDLIB_H
| #  include <stdlib.h>
| # endif
| #endif
| #ifdef HAVE_STRING_H
| # if !defined STDC_HEADERS && defined HAVE_MEMORY_H
| #  include <memory.h>
| # endif
| # include <string.h>
| #endif
| #ifdef HAVE_STRINGS_H
| # include <strings.h>
| #endif
| #ifdef HAVE_INTTYPES_H
| # include <inttypes.h>
| #endif
| #ifdef HAVE_STDINT_H
| # include <stdint.h>
| #endif
| #ifdef HAVE_UNISTD_H
| # include <unistd.h>
| #endif
| int
| main ()
| {
| if (sizeof ((size_t)))
| 	    return 0;
|   ;
|   return 0;
| }
configure:7050: result: yes
configure:7063: checking for working alloca.h
configure:7080: gcc -o conftest -g -O2   conftest.c  >&5
configure:7080: $? = 0
configure:7088: result: yes
configure:7096: checking for alloca
configure:7133: gcc -o conftest -g -O2   conftest.c  >&5
configure:7133: $? = 0
configure:7141: result: yes
configure:7253: checking libintl.h usability
configure:7253: gcc -c -g -O2  conftest.c >&5
configure:7253: $? = 0
configure:7253: result: yes
configure:7253: checking libintl.h presence
configure:7253: gcc -E  conftest.c
configure:7253: $? = 0
configure:7253: result: yes
configure:7253: checking for libintl.h
configure:7253: result: yes
configure:7264: checking whether gettext is declared
configure:7264: gcc -c -g -O2  conftest.c >&5
configure:7264: $? = 0
configure:7264: result: yes
configure:7273: checking for library containing bindtextdomain
configure:7304: gcc -o conftest -g -O2   conftest.c  >&5
configure:7304: $? = 0
configure:7321: result: none required
configure:7338: checking ncurses/ncurses.h usability
configure:7338: gcc -c -g -O2  conftest.c >&5
conftest.c:59:29: fatal error: ncurses/ncurses.h: No such file or directory
compilation terminated.
configure:7338: $? = 1
configure: failed program was:
| /* confdefs.h */
| #define PACKAGE_NAME "crosstool-NG"
| #define PACKAGE_TARNAME "crosstool-ng"
| #define PACKAGE_VERSION "crosstool-ng-1.23.0-289-g5adfd6b"
| #define PACKAGE_STRING "crosstool-NG crosstool-ng-1.23.0-289-g5adfd6b"
| #define PACKAGE_BUGREPORT "crossgcc@sourceware.org"
| #define PACKAGE_URL ""
| #define STDC_HEADERS 1
| #define HAVE_SYS_TYPES_H 1
| #define HAVE_SYS_STAT_H 1
| #define HAVE_STDLIB_H 1
| #define HAVE_STRING_H 1
| #define HAVE_MEMORY_H 1
| #define HAVE_STRINGS_H 1
| #define HAVE_INTTYPES_H 1
| #define HAVE_STDINT_H 1
| #define HAVE_UNISTD_H 1
| #define HAVE_STDLIB_H 1
| #define HAVE_MALLOC 1
| #define HAVE_STDLIB_H 1
| #define HAVE_REALLOC 1
| #define HAVE_ALLOCA_H 1
| #define HAVE_ALLOCA 1
| #define HAVE_LIBINTL_H 1
| /* end confdefs.h.  */
| #include <stdio.h>
| #ifdef HAVE_SYS_TYPES_H
| # include <sys/types.h>
| #endif
| #ifdef HAVE_SYS_STAT_H
| # include <sys/stat.h>
| #endif
| #ifdef STDC_HEADERS
| # include <stdlib.h>
| # include <stddef.h>
| #else
| # ifdef HAVE_STDLIB_H
| #  include <stdlib.h>
| # endif
| #endif
| #ifdef HAVE_STRING_H
| # if !defined STDC_HEADERS && defined HAVE_MEMORY_H
| #  include <memory.h>
| # endif
| # include <string.h>
| #endif
| #ifdef HAVE_STRINGS_H
| # include <strings.h>
| #endif
| #ifdef HAVE_INTTYPES_H
| # include <inttypes.h>
| #endif
| #ifdef HAVE_STDINT_H
| # include <stdint.h>
| #endif
| #ifdef HAVE_UNISTD_H
| # include <unistd.h>
| #endif
| #include <ncurses/ncurses.h>
configure:7338: result: no
configure:7338: checking ncurses/ncurses.h presence
configure:7338: gcc -E  conftest.c
conftest.c:26:29: fatal error: ncurses/ncurses.h: No such file or directory
compilation terminated.
configure:7338: $? = 1
configure: failed program was:
| /* confdefs.h */
| #define PACKAGE_NAME "crosstool-NG"
| #define PACKAGE_TARNAME "crosstool-ng"
| #define PACKAGE_VERSION "crosstool-ng-1.23.0-289-g5adfd6b"
| #define PACKAGE_STRING "crosstool-NG crosstool-ng-1.23.0-289-g5adfd6b"
| #define PACKAGE_BUGREPORT "crossgcc@sourceware.org"
| #define PACKAGE_URL ""
| #define STDC_HEADERS 1
| #define HAVE_SYS_TYPES_H 1
| #define HAVE_SYS_STAT_H 1
| #define HAVE_STDLIB_H 1
| #define HAVE_STRING_H 1
| #define HAVE_MEMORY_H 1
| #define HAVE_STRINGS_H 1
| #define HAVE_INTTYPES_H 1
| #define HAVE_STDINT_H 1
| #define HAVE_UNISTD_H 1
| #define HAVE_STDLIB_H 1
| #define HAVE_MALLOC 1
| #define HAVE_STDLIB_H 1
| #define HAVE_REALLOC 1
| #define HAVE_ALLOCA_H 1
| #define HAVE_ALLOCA 1
| #define HAVE_LIBINTL_H 1
| /* end confdefs.h.  */
| #include <ncurses/ncurses.h>
configure:7338: result: no
configure:7338: checking for ncurses/ncurses.h
configure:7338: result: no
configure:7338: checking ncurses/curses.h usability
configure:7338: gcc -c -g -O2  conftest.c >&5
conftest.c:59:28: fatal error: ncurses/curses.h: No such file or directory
compilation terminated.
configure:7338: $? = 1
configure: failed program was:
| /* confdefs.h */
| #define PACKAGE_NAME "crosstool-NG"
| #define PACKAGE_TARNAME "crosstool-ng"
| #define PACKAGE_VERSION "crosstool-ng-1.23.0-289-g5adfd6b"
| #define PACKAGE_STRING "crosstool-NG crosstool-ng-1.23.0-289-g5adfd6b"
| #define PACKAGE_BUGREPORT "crossgcc@sourceware.org"
| #define PACKAGE_URL ""
| #define STDC_HEADERS 1
| #define HAVE_SYS_TYPES_H 1
| #define HAVE_SYS_STAT_H 1
| #define HAVE_STDLIB_H 1
| #define HAVE_STRING_H 1
| #define HAVE_MEMORY_H 1
| #define HAVE_STRINGS_H 1
| #define HAVE_INTTYPES_H 1
| #define HAVE_STDINT_H 1
| #define HAVE_UNISTD_H 1
| #define HAVE_STDLIB_H 1
| #define HAVE_MALLOC 1
| #define HAVE_STDLIB_H 1
| #define HAVE_REALLOC 1
| #define HAVE_ALLOCA_H 1
| #define HAVE_ALLOCA 1
| #define HAVE_LIBINTL_H 1
| /* end confdefs.h.  */
| #include <stdio.h>
| #ifdef HAVE_SYS_TYPES_H
| # include <sys/types.h>
| #endif
| #ifdef HAVE_SYS_STAT_H
| # include <sys/stat.h>
| #endif
| #ifdef STDC_HEADERS
| # include <stdlib.h>
| # include <stddef.h>
| #else
| # ifdef HAVE_STDLIB_H
| #  include <stdlib.h>
| # endif
| #endif
| #ifdef HAVE_STRING_H
| # if !defined STDC_HEADERS && defined HAVE_MEMORY_H
| #  include <memory.h>
| # endif
| # include <string.h>
| #endif
| #ifdef HAVE_STRINGS_H
| # include <strings.h>
| #endif
| #ifdef HAVE_INTTYPES_H
| # include <inttypes.h>
| #endif
| #ifdef HAVE_STDINT_H
| # include <stdint.h>
| #endif
| #ifdef HAVE_UNISTD_H
| # include <unistd.h>
| #endif
| #include <ncurses/curses.h>
configure:7338: result: no
configure:7338: checking ncurses/curses.h presence
configure:7338: gcc -E  conftest.c
conftest.c:26:28: fatal error: ncurses/curses.h: No such file or directory
compilation terminated.
configure:7338: $? = 1
configure: failed program was:
| /* confdefs.h */
| #define PACKAGE_NAME "crosstool-NG"
| #define PACKAGE_TARNAME "crosstool-ng"
| #define PACKAGE_VERSION "crosstool-ng-1.23.0-289-g5adfd6b"
| #define PACKAGE_STRING "crosstool-NG crosstool-ng-1.23.0-289-g5adfd6b"
| #define PACKAGE_BUGREPORT "crossgcc@sourceware.org"
| #define PACKAGE_URL ""
| #define STDC_HEADERS 1
| #define HAVE_SYS_TYPES_H 1
| #define HAVE_SYS_STAT_H 1
| #define HAVE_STDLIB_H 1
| #define HAVE_STRING_H 1
| #define HAVE_MEMORY_H 1
| #define HAVE_STRINGS_H 1
| #define HAVE_INTTYPES_H 1
| #define HAVE_STDINT_H 1
| #define HAVE_UNISTD_H 1
| #define HAVE_STDLIB_H 1
| #define HAVE_MALLOC 1
| #define HAVE_STDLIB_H 1
| #define HAVE_REALLOC 1
| #define HAVE_ALLOCA_H 1
| #define HAVE_ALLOCA 1
| #define HAVE_LIBINTL_H 1
| /* end confdefs.h.  */
| #include <ncurses/curses.h>
configure:7338: result: no
configure:7338: checking for ncurses/curses.h
configure:7338: result: no
configure:7338: checking ncursesw/curses.h usability
configure:7338: gcc -c -g -O2  conftest.c >&5
conftest.c:59:29: fatal error: ncursesw/curses.h: No such file or directory
compilation terminated.
configure:7338: $? = 1
configure: failed program was:
| /* confdefs.h */
| #define PACKAGE_NAME "crosstool-NG"
| #define PACKAGE_TARNAME "crosstool-ng"
| #define PACKAGE_VERSION "crosstool-ng-1.23.0-289-g5adfd6b"
| #define PACKAGE_STRING "crosstool-NG crosstool-ng-1.23.0-289-g5adfd6b"
| #define PACKAGE_BUGREPORT "crossgcc@sourceware.org"
| #define PACKAGE_URL ""
| #define STDC_HEADERS 1
| #define HAVE_SYS_TYPES_H 1
| #define HAVE_SYS_STAT_H 1
| #define HAVE_STDLIB_H 1
| #define HAVE_STRING_H 1
| #define HAVE_MEMORY_H 1
| #define HAVE_STRINGS_H 1
| #define HAVE_INTTYPES_H 1
| #define HAVE_STDINT_H 1
| #define HAVE_UNISTD_H 1
| #define HAVE_STDLIB_H 1
| #define HAVE_MALLOC 1
| #define HAVE_STDLIB_H 1
| #define HAVE_REALLOC 1
| #define HAVE_ALLOCA_H 1
| #define HAVE_ALLOCA 1
| #define HAVE_LIBINTL_H 1
| /* end confdefs.h.  */
| #include <stdio.h>
| #ifdef HAVE_SYS_TYPES_H
| # include <sys/types.h>
| #endif
| #ifdef HAVE_SYS_STAT_H
| # include <sys/stat.h>
| #endif
| #ifdef STDC_HEADERS
| # include <stdlib.h>
| # include <stddef.h>
| #else
| # ifdef HAVE_STDLIB_H
| #  include <stdlib.h>
| # endif
| #endif
| #ifdef HAVE_STRING_H
| # if !defined STDC_HEADERS && defined HAVE_MEMORY_H
| #  include <memory.h>
| # endif
| # include <string.h>
| #endif
| #ifdef HAVE_STRINGS_H
| # include <strings.h>
| #endif
| #ifdef HAVE_INTTYPES_H
| # include <inttypes.h>
| #endif
| #ifdef HAVE_STDINT_H
| # include <stdint.h>
| #endif
| #ifdef HAVE_UNISTD_H
| # include <unistd.h>
| #endif
| #include <ncursesw/curses.h>
configure:7338: result: no
configure:7338: checking ncursesw/curses.h presence
configure:7338: gcc -E  conftest.c
conftest.c:26:29: fatal error: ncursesw/curses.h: No such file or directory
compilation terminated.
configure:7338: $? = 1
configure: failed program was:
| /* confdefs.h */
| #define PACKAGE_NAME "crosstool-NG"
| #define PACKAGE_TARNAME "crosstool-ng"
| #define PACKAGE_VERSION "crosstool-ng-1.23.0-289-g5adfd6b"
| #define PACKAGE_STRING "crosstool-NG crosstool-ng-1.23.0-289-g5adfd6b"
| #define PACKAGE_BUGREPORT "crossgcc@sourceware.org"
| #define PACKAGE_URL ""
| #define STDC_HEADERS 1
| #define HAVE_SYS_TYPES_H 1
| #define HAVE_SYS_STAT_H 1
| #define HAVE_STDLIB_H 1
| #define HAVE_STRING_H 1
| #define HAVE_MEMORY_H 1
| #define HAVE_STRINGS_H 1
| #define HAVE_INTTYPES_H 1
| #define HAVE_STDINT_H 1
| #define HAVE_UNISTD_H 1
| #define HAVE_STDLIB_H 1
| #define HAVE_MALLOC 1
| #define HAVE_STDLIB_H 1
| #define HAVE_REALLOC 1
| #define HAVE_ALLOCA_H 1
| #define HAVE_ALLOCA 1
| #define HAVE_LIBINTL_H 1
| /* end confdefs.h.  */
| #include <ncursesw/curses.h>
configure:7338: result: no
configure:7338: checking for ncursesw/curses.h
configure:7338: result: no
configure:7338: checking ncurses.h usability
configure:7338: gcc -c -g -O2  conftest.c >&5
configure:7338: $? = 0
configure:7338: result: yes
configure:7338: checking ncurses.h presence
configure:7338: gcc -E  conftest.c
configure:7338: $? = 0
configure:7338: result: yes
configure:7338: checking for ncurses.h
configure:7338: result: yes
configure:7351: checking for library containing initscr
configure:7382: gcc -o conftest -g -O2   conftest.c  >&5
/tmp/ccwjEgrh.o: In function `main':
/root/crosstool-ng/conftest.c:38: undefined reference to `initscr'
collect2: error: ld returned 1 exit status
configure:7382: $? = 1
configure: failed program was:
| /* confdefs.h */
| #define PACKAGE_NAME "crosstool-NG"
| #define PACKAGE_TARNAME "crosstool-ng"
| #define PACKAGE_VERSION "crosstool-ng-1.23.0-289-g5adfd6b"
| #define PACKAGE_STRING "crosstool-NG crosstool-ng-1.23.0-289-g5adfd6b"
| #define PACKAGE_BUGREPORT "crossgcc@sourceware.org"
| #define PACKAGE_URL ""
| #define STDC_HEADERS 1
| #define HAVE_SYS_TYPES_H 1
| #define HAVE_SYS_STAT_H 1
| #define HAVE_STDLIB_H 1
| #define HAVE_STRING_H 1
| #define HAVE_MEMORY_H 1
| #define HAVE_STRINGS_H 1
| #define HAVE_INTTYPES_H 1
| #define HAVE_STDINT_H 1
| #define HAVE_UNISTD_H 1
| #define HAVE_STDLIB_H 1
| #define HAVE_MALLOC 1
| #define HAVE_STDLIB_H 1
| #define HAVE_REALLOC 1
| #define HAVE_ALLOCA_H 1
| #define HAVE_ALLOCA 1
| #define HAVE_LIBINTL_H 1
| #define HAVE_NCURSES_H 1
| /* end confdefs.h.  */
| 
| /* Override any GCC internal prototype to avoid an error.
|    Use char because int might match the return type of a GCC
|    builtin and then its argument prototype would still apply.  */
| #ifdef __cplusplus
| extern "C"
| #endif
| char initscr ();
| int
| main ()
| {
| return initscr ();
|   ;
|   return 0;
| }
configure:7382: gcc -o conftest -g -O2   conftest.c -lncursesw   >&5
/usr/bin/ld: cannot find -lncursesw
collect2: error: ld returned 1 exit status
configure:7382: $? = 1
configure: failed program was:
| /* confdefs.h */
| #define PACKAGE_NAME "crosstool-NG"
| #define PACKAGE_TARNAME "crosstool-ng"
| #define PACKAGE_VERSION "crosstool-ng-1.23.0-289-g5adfd6b"
| #define PACKAGE_STRING "crosstool-NG crosstool-ng-1.23.0-289-g5adfd6b"
| #define PACKAGE_BUGREPORT "crossgcc@sourceware.org"
| #define PACKAGE_URL ""
| #define STDC_HEADERS 1
| #define HAVE_SYS_TYPES_H 1
| #define HAVE_SYS_STAT_H 1
| #define HAVE_STDLIB_H 1
| #define HAVE_STRING_H 1
| #define HAVE_MEMORY_H 1
| #define HAVE_STRINGS_H 1
| #define HAVE_INTTYPES_H 1
| #define HAVE_STDINT_H 1
| #define HAVE_UNISTD_H 1
| #define HAVE_STDLIB_H 1
| #define HAVE_MALLOC 1
| #define HAVE_STDLIB_H 1
| #define HAVE_REALLOC 1
| #define HAVE_ALLOCA_H 1
| #define HAVE_ALLOCA 1
| #define HAVE_LIBINTL_H 1
| #define HAVE_NCURSES_H 1
| /* end confdefs.h.  */
| 
| /* Override any GCC internal prototype to avoid an error.
|    Use char because int might match the return type of a GCC
|    builtin and then its argument prototype would still apply.  */
| #ifdef __cplusplus
| extern "C"
| #endif
| char initscr ();
| int
| main ()
| {
| return initscr ();
|   ;
|   return 0;
| }
configure:7382: gcc -o conftest -g -O2   conftest.c -lncurses   >&5
configure:7382: $? = 0
configure:7399: result: -lncurses
configure:7410: checking for library containing tgetent
configure:7441: gcc -o conftest -g -O2   conftest.c -lncurses  >&5
configure:7441: $? = 0
configure:7458: result: none required
configure:7675: creating ./config.status

## ---------------------- ##
## Running config.status. ##
## ---------------------- ##

This file was extended by crosstool-NG config.status crosstool-ng-1.23.0-289-g5adfd6b, which was
generated by GNU Autoconf 2.69.  Invocation command line was

  CONFIG_FILES    = 
  CONFIG_HEADERS  = 
  CONFIG_LINKS    = 
  CONFIG_COMMANDS = 
  $ ./config.status 

on einstein

config.status:811: creating Makefile
config.status:811: creating kconfig/Makefile
config.status:811: creating config/configure.in

## ---------------- ##
## Cache variables. ##
## ---------------- ##

ac_cv_build=x86_64-pc-linux-gnu
ac_cv_c_compiler_gnu=yes
ac_cv_c_inline=inline
ac_cv_cxx_compiler_gnu=yes
ac_cv_env_AUTOCONF_set=
ac_cv_env_AUTOCONF_value=
ac_cv_env_AUTOMAKE_set=
ac_cv_env_AUTOMAKE_value=
ac_cv_env_AUTORECONF_set=
ac_cv_env_AUTORECONF_value=
ac_cv_env_AWK_set=
ac_cv_env_AWK_value=
ac_cv_env_BASH_SHELL_set=
ac_cv_env_BASH_SHELL_value=
ac_cv_env_CCC_set=
ac_cv_env_CCC_value=
ac_cv_env_CC_set=
ac_cv_env_CC_value=
ac_cv_env_CFLAGS_set=
ac_cv_env_CFLAGS_value=
ac_cv_env_CPPFLAGS_set=
ac_cv_env_CPPFLAGS_value=
ac_cv_env_CPP_set=
ac_cv_env_CPP_value=
ac_cv_env_CXXFLAGS_set=
ac_cv_env_CXXFLAGS_value=
ac_cv_env_CXX_set=
ac_cv_env_CXX_value=
ac_cv_env_EGREP_set=
ac_cv_env_EGREP_value=
ac_cv_env_GPERF_set=
ac_cv_env_GPERF_value=
ac_cv_env_GREP_set=
ac_cv_env_GREP_value=
ac_cv_env_INSTALL_set=
ac_cv_env_INSTALL_value=
ac_cv_env_LDFLAGS_set=
ac_cv_env_LDFLAGS_value=
ac_cv_env_LIBS_set=
ac_cv_env_LIBS_value=
ac_cv_env_LIBTOOLIZE_set=
ac_cv_env_LIBTOOLIZE_value=
ac_cv_env_LIBTOOL_set=
ac_cv_env_LIBTOOL_value=
ac_cv_env_M4_set=
ac_cv_env_M4_value=
ac_cv_env_MAKE_set=
ac_cv_env_MAKE_value=
ac_cv_env_OBJCOPY_set=
ac_cv_env_OBJCOPY_value=
ac_cv_env_OBJDUMP_set=
ac_cv_env_OBJDUMP_value=
ac_cv_env_PATCH_set=
ac_cv_env_PATCH_value=
ac_cv_env_READELF_set=
ac_cv_env_READELF_value=
ac_cv_env_SED_set=
ac_cv_env_SED_value=
ac_cv_env_build_alias_set=
ac_cv_env_build_alias_value=
ac_cv_env_host_alias_set=
ac_cv_env_host_alias_value=
ac_cv_env_target_alias_set=
ac_cv_env_target_alias_value=
ac_cv_func_alloca_works=yes
ac_cv_func_malloc_0_nonnull=yes
ac_cv_func_realloc_0_nonnull=yes
ac_cv_have_decl_gettext=yes
ac_cv_header_inttypes_h=yes
ac_cv_header_libintl_h=yes
ac_cv_header_memory_h=yes
ac_cv_header_ncurses_curses_h=no
ac_cv_header_ncurses_h=yes
ac_cv_header_ncurses_ncurses_h=no
ac_cv_header_ncursesw_curses_h=no
ac_cv_header_stdc=yes
ac_cv_header_stdint_h=yes
ac_cv_header_stdlib_h=yes
ac_cv_header_string_h=yes
ac_cv_header_strings_h=yes
ac_cv_header_sys_stat_h=yes
ac_cv_header_sys_types_h=yes
ac_cv_header_unistd_h=yes
ac_cv_host=x86_64-pc-linux-gnu
ac_cv_objext=o
ac_cv_path_AUTOCONF=/usr/bin/autoconf
ac_cv_path_AUTOMAKE=/usr/bin/automake
ac_cv_path_AUTORECONF=/usr/bin/autoreconf
ac_cv_path_AWK=/usr/bin/gawk
ac_cv_path_BASH_SHELL=/bin/bash
ac_cv_path_EGREP='/bin/grep -E'
ac_cv_path_GREP=/bin/grep
ac_cv_path_LIBTOOL=/mnt/c/rhcygwin64/bin/libtool
ac_cv_path_LIBTOOLIZE=/usr/bin/libtoolize
ac_cv_path_M4=/usr/bin/m4
ac_cv_path_MAKE=/usr/bin/make
ac_cv_path_SED=/bin/sed
ac_cv_path_install='/usr/bin/install -c'
ac_cv_prog_CPP='gcc -E'
ac_cv_prog_DPKG_BUILDFLAGS=dpkg-buildflags
ac_cv_prog_ac_ct_CC=gcc
ac_cv_prog_ac_ct_CXX=g++
ac_cv_prog_ac_ct_EGREP=egrep
ac_cv_prog_ac_ct_GPERF=gperf
ac_cv_prog_ac_ct_GREP=grep
ac_cv_prog_ac_ct_OBJCOPY=objcopy
ac_cv_prog_ac_ct_OBJDUMP=objdump
ac_cv_prog_ac_ct_PATCH=patch
ac_cv_prog_ac_ct_RANLIB=ranlib
ac_cv_prog_ac_ct_READELF=readelf
ac_cv_prog_bison=bison
ac_cv_prog_bzip2=bzip2
ac_cv_prog_cc_c89=
ac_cv_prog_cc_g=yes
ac_cv_prog_curl=curl
ac_cv_prog_cut=cut
ac_cv_prog_cxx_g=yes
ac_cv_prog_flex=flex
ac_cv_prog_git=git
ac_cv_prog_gzip=gzip
ac_cv_prog_help2man=help2man
ac_cv_prog_makeinfo=makeinfo
ac_cv_prog_readlink=readlink
ac_cv_prog_stat=stat
ac_cv_prog_svn=svn
ac_cv_prog_tar=tar
ac_cv_prog_wget=wget
ac_cv_prog_xz=xz
ac_cv_search_bindtextdomain='none required'
ac_cv_search_initscr=-lncurses
ac_cv_search_tgetent='none required'
ac_cv_type_size_t=yes
ac_cv_working_alloca_h=yes
acx_cv_cpu_count='getconf _NPROCESSORS_ONLN'
acx_cv_stat_flavor=GNU

## ----------------- ##
## Output variables. ##
## ----------------- ##

ALLOCA=''
AUTOCONF='/usr/bin/autoconf'
AUTOMAKE='/usr/bin/automake'
AUTORECONF='/usr/bin/autoreconf'
AWK='/usr/bin/gawk'
BASH_SHELL='/bin/bash'
CC='gcc'
CFLAGS='-g -O2'
CPP='gcc -E'
CPPFLAGS=''
CPU_COUNT='getconf _NPROCESSORS_ONLN'
CXX='g++'
CXXFLAGS='-g -O2'
DATE='20180216'
DEFS='-DPACKAGE_NAME=\"crosstool-NG\" -DPACKAGE_TARNAME=\"crosstool-ng\" -DPACKAGE_VERSION=\"crosstool-ng-1.23.0-289-g5adfd6b\" -DPACKAGE_STRING=\"crosstool-NG\ crosstool-ng-1.23.0-289-g5adfd6b\" -DPACKAGE_BUGREPORT=\"crossgcc@sourceware.org\" -DPACKAGE_URL=\"\" -DSTDC_HEADERS=1 -DHAVE_SYS_TYPES_H=1 -DHAVE_SYS_STAT_H=1 -DHAVE_STDLIB_H=1 -DHAVE_STRING_H=1 -DHAVE_MEMORY_H=1 -DHAVE_STRINGS_H=1 -DHAVE_INTTYPES_H=1 -DHAVE_STDINT_H=1 -DHAVE_UNISTD_H=1 -DHAVE_STDLIB_H=1 -DHAVE_MALLOC=1 -DHAVE_STDLIB_H=1 -DHAVE_REALLOC=1 -DHAVE_ALLOCA_H=1 -DHAVE_ALLOCA=1 -DHAVE_LIBINTL_H=1 -DHAVE_NCURSES_H=1'
DPKG_BUILDFLAGS='dpkg-buildflags'
ECHO_C=''
ECHO_N='-n'
ECHO_T=''
EGREP='/bin/grep -E'
EXEEXT=''
GPERF='/usr/bin/gperf'
GPERF_LEN_TYPE='unsigned int'
GREP='/bin/grep'
INSTALL='/usr/bin/install -c'
INSTALL_DATA='${INSTALL} -m 644'
INSTALL_PROGRAM='${INSTALL}'
INSTALL_SCRIPT='${INSTALL}'
INTL_LIBS=''
KCONFIG_=''
KCONFIG_autoconf_2_63_or_newer='def_bool y'
KCONFIG_automake_1_15_or_newer='def_bool y'
KCONFIG_autoreconf_2_63_or_newer='def_bool y'
KCONFIG_curl='def_bool y'
KCONFIG_cvs='bool'
KCONFIG_git='def_bool y'
KCONFIG_gnu_m4_1_4_12_or_newer='def_bool y'
KCONFIG_libtool_2_4_or_newer='def_bool y'
KCONFIG_libtoolize_2_4_or_newer='def_bool y'
KCONFIG_make_3_81_or_newer='def_bool y'
KCONFIG_stat_flavor_BSD='bool'
KCONFIG_stat_flavor_GNU='def_bool y'
KCONFIG_static_link='def_bool y'
KCONFIG_svn='def_bool y'
KCONFIG_wget='def_bool y'
LDFLAGS=''
LIBOBJS=''
LIBS='-lncurses '
LIBTOOL='/mnt/c/rhcygwin64/bin/libtool'
LIBTOOLIZE='/usr/bin/libtoolize'
LN_S='ln -s'
LTLIBOBJS=''
M4='/usr/bin/m4'
MAKE='/usr/bin/make'
OBJCOPY='/usr/bin/objcopy'
OBJDUMP='/usr/bin/objdump'
OBJEXT='o'
PACKAGE_BUGREPORT='crossgcc@sourceware.org'
PACKAGE_NAME='crosstool-NG'
PACKAGE_STRING='crosstool-NG crosstool-ng-1.23.0-289-g5adfd6b'
PACKAGE_TARNAME='crosstool-ng'
PACKAGE_URL=''
PACKAGE_VERSION='crosstool-ng-1.23.0-289-g5adfd6b'
PATCH='/usr/bin/patch'
PATH_SEPARATOR=':'
RANLIB='ranlib'
READELF='/usr/bin/readelf'
SED='/bin/sed'
SHELL='/bin/bash'
ac_ct_CC='gcc'
ac_ct_CXX='g++'
ac_ct_EGREP='egrep'
ac_ct_GPERF='gperf'
ac_ct_GREP='grep'
ac_ct_OBJCOPY='objcopy'
ac_ct_OBJDUMP='objdump'
ac_ct_PATCH='patch'
ac_ct_READELF='readelf'
ac_ct_curses_hdr='ncurses.h'
bindir='${exec_prefix}/bin'
bison='bison'
build='x86_64-pc-linux-gnu'
build_alias=''
build_cpu='x86_64'
build_os='linux-gnu'
build_vendor='pc'
bzip2='bzip2'
curl='curl'
cut='cut'
cvs=''
datadir='${datarootdir}'
datarootdir='${prefix}/share'
docdir='${datarootdir}/doc/${PACKAGE_TARNAME}'
dvidir='${docdir}'
enable_local='no'
exec_prefix='${prefix}'
flex='flex'
gettext='y'
git='git'
gzip='gzip'
help2man='help2man'
host='x86_64-pc-linux-gnu'
host_alias=''
host_cpu='x86_64'
host_os='linux-gnu'
host_vendor='pc'
htmldir='${docdir}'
includedir='${prefix}/include'
infodir='${datarootdir}/info'
kconfig_options=''
libdir='${exec_prefix}/lib'
libexecdir='${exec_prefix}/libexec'
localedir='${datarootdir}/locale'
localstatedir='${prefix}/var'
makeinfo='makeinfo'
mandir='${datarootdir}/man'
oldincludedir='/usr/include'
pdfdir='${docdir}'
prefix='/usr/local'
program_transform_name='s,x,x,'
psdir='${docdir}'
readlink='readlink'
runstatedir='${localstatedir}/run'
sbindir='${exec_prefix}/sbin'
sharedstatedir='${prefix}/com'
stat='stat'
subdocdir='/${VERSION}'
sublibdir='/${VERSION}'
svn='svn'
sysconfdir='${prefix}/etc'
tar='tar'
target_alias=''
wget='wget'
xz='xz'

## ----------- ##
## confdefs.h. ##
## ----------- ##

/* confdefs.h */
#define PACKAGE_NAME "crosstool-NG"
#define PACKAGE_TARNAME "crosstool-ng"
#define PACKAGE_VERSION "crosstool-ng-1.23.0-289-g5adfd6b"
#define PACKAGE_STRING "crosstool-NG crosstool-ng-1.23.0-289-g5adfd6b"
#define PACKAGE_BUGREPORT "crossgcc@sourceware.org"
#define PACKAGE_URL ""
#define STDC_HEADERS 1
#define HAVE_SYS_TYPES_H 1
#define HAVE_SYS_STAT_H 1
#define HAVE_STDLIB_H 1
#define HAVE_STRING_H 1
#define HAVE_MEMORY_H 1
#define HAVE_STRINGS_H 1
#define HAVE_INTTYPES_H 1
#define HAVE_STDINT_H 1
#define HAVE_UNISTD_H 1
#define HAVE_STDLIB_H 1
#define HAVE_MALLOC 1
#define HAVE_STDLIB_H 1
#define HAVE_REALLOC 1
#define HAVE_ALLOCA_H 1
#define HAVE_ALLOCA 1
#define HAVE_LIBINTL_H 1
#define HAVE_NCURSES_H 1

configure: exit 0
